# 修改日志

1. 添加skills页面,用于查看，删除，下载，上传skills
                                                                                                                                 │
│ ┌────────────────────────────────┬────────────────────────────────────────────────────┐                                                      │
│ │              File              │                       Action                       │                                                      │
│ ├────────────────────────────────┼────────────────────────────────────────────────────┤                                                      │
│ │ nanobot/web/server.py          │ Add 3 skill API endpoints                          │                                                      │
│ ├────────────────────────────────┼────────────────────────────────────────────────────┤                                                      │
│ │ frontend/types/index.ts        │ Add Skill interface                                │                                                      │
│ ├────────────────────────────────┼────────────────────────────────────────────────────┤                                                      │
│ │ frontend/lib/api.ts            │ Add listSkills, deleteSkill, uploadSkill functions │                                                      │
│ ├────────────────────────────────┼────────────────────────────────────────────────────┤                                                      │
│ │ frontend/app/skills/page.tsx   │ New file — Skills management page                  │                                                      │
│ ├────────────────────────────────┼────────────────────────────────────────────────────┤                                                      │
│ │ frontend/components/Header.tsx │ Add Skills nav item                                │                                                      │
│ └────────────────────────────────┴────────────────────────────────────────────────────┘


2. 每个用户可以使用的token数量
platform/app/config.py
    # Quotas (tokens per day)
    quota_free: int = 20000000
    quota_basic: int = 1_000_000
    quota_pro: int = 10_000_000